mode: atomic
github.com/metal3-io/hardware-classification-controller/hcmanager/classification_filter.go:25.170,27.42 2 2
github.com/metal3-io/hardware-classification-controller/hcmanager/classification_filter.go:36.2,36.19 1 2
github.com/metal3-io/hardware-classification-controller/hcmanager/classification_filter.go:27.42,31.106 1 4
github.com/metal3-io/hardware-classification-controller/hcmanager/classification_filter.go:34.3,34.59 1 2
github.com/metal3-io/hardware-classification-controller/hcmanager/classification_filter.go:31.106,32.12 1 2
github.com/metal3-io/hardware-classification-controller/hcmanager/classification_filter.go:40.112,41.24 1 4
github.com/metal3-io/hardware-classification-controller/hcmanager/classification_filter.go:44.2,44.34 1 4
github.com/metal3-io/hardware-classification-controller/hcmanager/classification_filter.go:52.2,52.34 1 2
github.com/metal3-io/hardware-classification-controller/hcmanager/classification_filter.go:60.2,60.37 1 2
github.com/metal3-io/hardware-classification-controller/hcmanager/classification_filter.go:68.2,68.37 1 2
github.com/metal3-io/hardware-classification-controller/hcmanager/classification_filter.go:76.2,76.13 1 2
github.com/metal3-io/hardware-classification-controller/hcmanager/classification_filter.go:41.24,43.3 1 0
github.com/metal3-io/hardware-classification-controller/hcmanager/classification_filter.go:44.34,47.38 3 4
github.com/metal3-io/hardware-classification-controller/hcmanager/classification_filter.go:47.38,50.4 2 2
github.com/metal3-io/hardware-classification-controller/hcmanager/classification_filter.go:52.34,55.38 3 2
github.com/metal3-io/hardware-classification-controller/hcmanager/classification_filter.go:55.38,58.4 2 0
github.com/metal3-io/hardware-classification-controller/hcmanager/classification_filter.go:60.37,63.46 3 0
github.com/metal3-io/hardware-classification-controller/hcmanager/classification_filter.go:63.46,66.4 2 0
github.com/metal3-io/hardware-classification-controller/hcmanager/classification_filter.go:68.37,71.46 3 0
github.com/metal3-io/hardware-classification-controller/hcmanager/classification_filter.go:71.46,74.4 2 0
github.com/metal3-io/hardware-classification-controller/hcmanager/classification_filter.go:80.105,81.24 1 2
github.com/metal3-io/hardware-classification-controller/hcmanager/classification_filter.go:84.2,84.34 1 2
github.com/metal3-io/hardware-classification-controller/hcmanager/classification_filter.go:92.2,92.34 1 2
github.com/metal3-io/hardware-classification-controller/hcmanager/classification_filter.go:100.2,100.13 1 2
github.com/metal3-io/hardware-classification-controller/hcmanager/classification_filter.go:81.24,83.3 1 0
github.com/metal3-io/hardware-classification-controller/hcmanager/classification_filter.go:84.34,87.33 3 2
github.com/metal3-io/hardware-classification-controller/hcmanager/classification_filter.go:87.33,90.4 2 0
github.com/metal3-io/hardware-classification-controller/hcmanager/classification_filter.go:92.34,95.33 3 2
github.com/metal3-io/hardware-classification-controller/hcmanager/classification_filter.go:95.33,98.4 2 0
github.com/metal3-io/hardware-classification-controller/hcmanager/classification_filter.go:104.103,105.24 1 2
github.com/metal3-io/hardware-classification-controller/hcmanager/classification_filter.go:108.2,108.35 1 2
github.com/metal3-io/hardware-classification-controller/hcmanager/classification_filter.go:116.2,116.35 1 2
github.com/metal3-io/hardware-classification-controller/hcmanager/classification_filter.go:124.2,124.13 1 2
github.com/metal3-io/hardware-classification-controller/hcmanager/classification_filter.go:105.24,107.3 1 0
github.com/metal3-io/hardware-classification-controller/hcmanager/classification_filter.go:108.35,111.27 3 2
github.com/metal3-io/hardware-classification-controller/hcmanager/classification_filter.go:111.27,114.4 2 0
github.com/metal3-io/hardware-classification-controller/hcmanager/classification_filter.go:116.35,119.27 3 2
github.com/metal3-io/hardware-classification-controller/hcmanager/classification_filter.go:119.27,122.4 2 0
github.com/metal3-io/hardware-classification-controller/hcmanager/classification_filter.go:128.125,129.25 1 2
github.com/metal3-io/hardware-classification-controller/hcmanager/classification_filter.go:132.2,132.35 1 2
github.com/metal3-io/hardware-classification-controller/hcmanager/classification_filter.go:140.2,140.35 1 2
github.com/metal3-io/hardware-classification-controller/hcmanager/classification_filter.go:148.2,148.29 1 2
github.com/metal3-io/hardware-classification-controller/hcmanager/classification_filter.go:166.2,166.13 1 2
github.com/metal3-io/hardware-classification-controller/hcmanager/classification_filter.go:129.25,131.3 1 0
github.com/metal3-io/hardware-classification-controller/hcmanager/classification_filter.go:132.35,135.40 3 2
github.com/metal3-io/hardware-classification-controller/hcmanager/classification_filter.go:135.40,138.4 2 0
github.com/metal3-io/hardware-classification-controller/hcmanager/classification_filter.go:140.35,143.40 3 2
github.com/metal3-io/hardware-classification-controller/hcmanager/classification_filter.go:143.40,146.4 2 0
github.com/metal3-io/hardware-classification-controller/hcmanager/classification_filter.go:148.29,149.47 1 18
github.com/metal3-io/hardware-classification-controller/hcmanager/classification_filter.go:157.3,157.47 1 18
github.com/metal3-io/hardware-classification-controller/hcmanager/classification_filter.go:149.47,152.44 3 18
github.com/metal3-io/hardware-classification-controller/hcmanager/classification_filter.go:152.44,155.5 2 0
github.com/metal3-io/hardware-classification-controller/hcmanager/classification_filter.go:157.47,160.44 3 18
github.com/metal3-io/hardware-classification-controller/hcmanager/classification_filter.go:160.44,163.5 2 0
github.com/metal3-io/hardware-classification-controller/hcmanager/fake_data.go:12.28,14.2 1 4
github.com/metal3-io/hardware-classification-controller/hcmanager/fake_data.go:16.34,18.2 1 2
github.com/metal3-io/hardware-classification-controller/hcmanager/fake_data.go:20.65,43.2 1 6
github.com/metal3-io/hardware-classification-controller/hcmanager/fake_data.go:45.58,64.2 1 1
github.com/metal3-io/hardware-classification-controller/hcmanager/fake_data.go:66.53,68.2 1 1
github.com/metal3-io/hardware-classification-controller/hcmanager/fake_data.go:70.58,80.2 1 1
github.com/metal3-io/hardware-classification-controller/hcmanager/fake_data.go:82.59,92.2 1 1
github.com/metal3-io/hardware-classification-controller/hcmanager/fake_data.go:94.58,102.2 1 1
github.com/metal3-io/hardware-classification-controller/hcmanager/fake_data.go:104.58,112.2 1 1
github.com/metal3-io/hardware-classification-controller/hcmanager/fake_data.go:114.40,116.2 1 1
github.com/metal3-io/hardware-classification-controller/hcmanager/fake_data.go:118.60,149.2 3 0
github.com/metal3-io/hardware-classification-controller/hcmanager/fake_data.go:151.34,276.2 5 4
github.com/metal3-io/hardware-classification-controller/hcmanager/labels.go:28.131,31.47 2 2
github.com/metal3-io/hardware-classification-controller/hcmanager/labels.go:48.2,48.12 1 2
github.com/metal3-io/hardware-classification-controller/hcmanager/labels.go:31.47,33.28 2 1
github.com/metal3-io/hardware-classification-controller/hcmanager/labels.go:33.28,34.43 1 0
github.com/metal3-io/hardware-classification-controller/hcmanager/labels.go:42.4,43.56 2 0
github.com/metal3-io/hardware-classification-controller/hcmanager/labels.go:34.43,35.24 1 0
github.com/metal3-io/hardware-classification-controller/hcmanager/labels.go:35.24,38.6 2 0
github.com/metal3-io/hardware-classification-controller/hcmanager/labels.go:43.56,45.5 1 0
github.com/metal3-io/hardware-classification-controller/hcmanager/labels.go:52.128,56.19 3 1
github.com/metal3-io/hardware-classification-controller/hcmanager/labels.go:61.2,61.30 1 1
github.com/metal3-io/hardware-classification-controller/hcmanager/labels.go:71.2,74.54 3 1
github.com/metal3-io/hardware-classification-controller/hcmanager/labels.go:77.2,77.12 1 1
github.com/metal3-io/hardware-classification-controller/hcmanager/labels.go:56.19,58.3 1 1
github.com/metal3-io/hardware-classification-controller/hcmanager/labels.go:61.30,62.56 1 0
github.com/metal3-io/hardware-classification-controller/hcmanager/labels.go:62.56,64.4 1 0
github.com/metal3-io/hardware-classification-controller/hcmanager/labels.go:64.9,66.4 1 0
github.com/metal3-io/hardware-classification-controller/hcmanager/labels.go:67.8,69.3 1 1
github.com/metal3-io/hardware-classification-controller/hcmanager/labels.go:74.54,76.3 1 0
github.com/metal3-io/hardware-classification-controller/hcmanager/labels.go:81.163,85.37 2 1
github.com/metal3-io/hardware-classification-controller/hcmanager/labels.go:96.2,96.25 1 1
github.com/metal3-io/hardware-classification-controller/hcmanager/labels.go:85.37,86.41 1 3
github.com/metal3-io/hardware-classification-controller/hcmanager/labels.go:86.41,87.62 1 1
github.com/metal3-io/hardware-classification-controller/hcmanager/labels.go:87.62,89.5 1 0
github.com/metal3-io/hardware-classification-controller/hcmanager/labels.go:90.9,91.65 1 2
github.com/metal3-io/hardware-classification-controller/hcmanager/labels.go:91.65,93.5 1 0
github.com/metal3-io/hardware-classification-controller/hcmanager/labels.go:100.61,101.34 1 3
github.com/metal3-io/hardware-classification-controller/hcmanager/labels.go:106.2,106.14 1 2
github.com/metal3-io/hardware-classification-controller/hcmanager/labels.go:101.34,102.23 1 3
github.com/metal3-io/hardware-classification-controller/hcmanager/labels.go:102.23,104.4 1 1
github.com/metal3-io/hardware-classification-controller/hcmanager/manager.go:45.110,50.2 1 4
github.com/metal3-io/hardware-classification-controller/hcmanager/utils.go:45.129,54.16 6 5
github.com/metal3-io/hardware-classification-controller/hcmanager/utils.go:58.2,58.41 1 5
github.com/metal3-io/hardware-classification-controller/hcmanager/utils.go:63.2,63.40 1 5
github.com/metal3-io/hardware-classification-controller/hcmanager/utils.go:54.16,56.3 1 0
github.com/metal3-io/hardware-classification-controller/hcmanager/utils.go:58.41,59.48 1 12
github.com/metal3-io/hardware-classification-controller/hcmanager/utils.go:59.48,61.4 1 8
github.com/metal3-io/hardware-classification-controller/hcmanager/utils.go:67.58,70.2 2 54
github.com/metal3-io/hardware-classification-controller/hcmanager/utils.go:75.49,79.2 3 1
github.com/metal3-io/hardware-classification-controller/hcmanager/utils.go:82.128,86.33 1 7
github.com/metal3-io/hardware-classification-controller/hcmanager/utils.go:90.2,90.33 1 6
github.com/metal3-io/hardware-classification-controller/hcmanager/utils.go:101.2,101.33 1 5
github.com/metal3-io/hardware-classification-controller/hcmanager/utils.go:110.2,110.34 1 4
github.com/metal3-io/hardware-classification-controller/hcmanager/utils.go:121.2,121.33 1 3
github.com/metal3-io/hardware-classification-controller/hcmanager/utils.go:129.2,129.12 1 2
github.com/metal3-io/hardware-classification-controller/hcmanager/utils.go:86.33,88.3 1 1
github.com/metal3-io/hardware-classification-controller/hcmanager/utils.go:90.33,92.3 1 3
github.com/metal3-io/hardware-classification-controller/hcmanager/utils.go:92.8,96.46 1 3
github.com/metal3-io/hardware-classification-controller/hcmanager/utils.go:96.46,98.4 1 1
github.com/metal3-io/hardware-classification-controller/hcmanager/utils.go:101.33,103.3 1 2
github.com/metal3-io/hardware-classification-controller/hcmanager/utils.go:103.8,105.44 1 3
github.com/metal3-io/hardware-classification-controller/hcmanager/utils.go:105.44,107.4 1 1
github.com/metal3-io/hardware-classification-controller/hcmanager/utils.go:110.34,112.3 1 1
github.com/metal3-io/hardware-classification-controller/hcmanager/utils.go:112.8,116.55 1 3
github.com/metal3-io/hardware-classification-controller/hcmanager/utils.go:116.55,118.4 1 1
github.com/metal3-io/hardware-classification-controller/hcmanager/utils.go:121.33,123.3 1 1
github.com/metal3-io/hardware-classification-controller/hcmanager/utils.go:123.8,125.43 1 2
github.com/metal3-io/hardware-classification-controller/hcmanager/utils.go:125.43,127.4 1 1
github.com/metal3-io/hardware-classification-controller/hcmanager/validation.go:26.53,29.58 2 3
github.com/metal3-io/hardware-classification-controller/hcmanager/validation.go:61.2,61.19 1 3
github.com/metal3-io/hardware-classification-controller/hcmanager/validation.go:29.58,30.32 1 3
github.com/metal3-io/hardware-classification-controller/hcmanager/validation.go:30.32,33.35 2 6
github.com/metal3-io/hardware-classification-controller/hcmanager/validation.go:40.4,40.36 1 6
github.com/metal3-io/hardware-classification-controller/hcmanager/validation.go:48.4,48.35 1 6
github.com/metal3-io/hardware-classification-controller/hcmanager/validation.go:52.4,52.35 1 6
github.com/metal3-io/hardware-classification-controller/hcmanager/validation.go:57.4,58.52 2 6
github.com/metal3-io/hardware-classification-controller/hcmanager/validation.go:33.35,38.5 1 6
github.com/metal3-io/hardware-classification-controller/hcmanager/validation.go:40.36,42.62 2 6
github.com/metal3-io/hardware-classification-controller/hcmanager/validation.go:45.5,45.36 1 6
github.com/metal3-io/hardware-classification-controller/hcmanager/validation.go:42.62,44.6 1 54
github.com/metal3-io/hardware-classification-controller/hcmanager/validation.go:48.35,50.5 1 6
github.com/metal3-io/hardware-classification-controller/hcmanager/validation.go:52.35,54.5 1 6
